<?xml version="1.0" encoding="UTF-8"?>
<!-- Generated by org.testng.reporters.JUnitReportReporter -->
<testsuite hostname="putted-PC" name="Tests.TC03" tests="1" failures="0" timestamp="23 Sep 2021 12:48:20 GMT" time="0.003" errors="0">
  <testcase name="meth1" time="0.003" classname="Tests.TC03"/>
</testsuite> <!-- Tests.TC03 -->
